0 info it worked if it ends with ok
1 verbose cli [ '/root/.meteor/packages/meteor-tool/.1.4.1_1.1xr2jb5++os.linux.x86_64+web.browser+web.cordova/mt-os.linux.x86_64/dev_bundle/bin/node',
1 verbose cli   '/root/.meteor/packages/meteor-tool/.1.4.1_1.1xr2jb5++os.linux.x86_64+web.browser+web.cordova/mt-os.linux.x86_64/dev_bundle/bin/npm',
1 verbose cli   'install',
1 verbose cli   '--save',
1 verbose cli   'https://github.com/zenorocha/voice-elements.git' ]
2 info using npm@3.10.6
3 info using node@v4.5.0
4 silly loadCurrentTree Starting
5 silly install loadCurrentTree
6 silly install readLocalPackageData
7 silly fetchPackageMetaData https://github.com/zenorocha/voice-elements.git
8 silly fetchOtherPackageData https://github.com/zenorocha/voice-elements.git
9 silly cache add args [ 'https://github.com/zenorocha/voice-elements.git', null ]
10 verbose cache add spec https://github.com/zenorocha/voice-elements.git
11 silly cache add parsed spec Result {
11 silly cache add   raw: 'https://github.com/zenorocha/voice-elements.git',
11 silly cache add   scope: null,
11 silly cache add   escapedName: null,
11 silly cache add   name: null,
11 silly cache add   rawSpec: 'https://github.com/zenorocha/voice-elements.git',
11 silly cache add   spec: 'git+https://github.com/zenorocha/voice-elements.git',
11 silly cache add   type: 'hosted',
11 silly cache add   hosted:
11 silly cache add    { type: 'github',
11 silly cache add      ssh: 'git@github.com:zenorocha/voice-elements.git',
11 silly cache add      sshUrl: 'git+ssh://git@github.com/zenorocha/voice-elements.git',
11 silly cache add      httpsUrl: 'git+https://github.com/zenorocha/voice-elements.git',
11 silly cache add      gitUrl: 'git://github.com/zenorocha/voice-elements.git',
11 silly cache add      shortcut: 'github:zenorocha/voice-elements',
11 silly cache add      directUrl: 'https://raw.githubusercontent.com/zenorocha/voice-elements/master/package.json' } }
12 verbose addRemoteGit caching https://github.com/zenorocha/voice-elements.git
13 verbose addRemoteGit git+https://github.com/zenorocha/voice-elements.git is a repository hosted by github
14 silly tryClone cloning git+https://github.com/zenorocha/voice-elements.git via git+https://github.com/zenorocha/voice-elements.git
15 verbose tryClone git-https-github-com-zenorocha-voice-elements-git-f9dbe9e5 not in flight; caching
16 verbose correctMkdir /root/.npm/_git-remotes correctMkdir not in flight; initializing
17 info git [ 'clone',
17 info git   '--template=/root/.npm/_git-remotes/_templates',
17 info git   '--mirror',
17 info git   'https://github.com/zenorocha/voice-elements.git',
17 info git   '/root/.npm/_git-remotes/git-https-github-com-zenorocha-voice-elements-git-f9dbe9e5' ]
18 verbose mirrorRemote git+https://github.com/zenorocha/voice-elements.git git clone https://github.com/zenorocha/voice-elements.git
19 verbose correctMkdir /root/.npm/_git-remotes correctMkdir not in flight; initializing
20 verbose setPermissions git+https://github.com/zenorocha/voice-elements.git set permissions on /root/.npm/_git-remotes/git-https-github-com-zenorocha-voice-elements-git-f9dbe9e5
21 verbose resolveHead git+https://github.com/zenorocha/voice-elements.git original treeish: master
22 info git [ 'rev-list', '-n1', 'master' ]
23 silly resolveHead git+https://github.com/zenorocha/voice-elements.git resolved treeish: 9b489753ed942930aa897adc2fd36c9f8a403a00
24 verbose resolveHead git+https://github.com/zenorocha/voice-elements.git resolved Git URL: git+https://github.com/zenorocha/voice-elements.git#9b489753ed942930aa897adc2fd36c9f8a403a00
25 silly resolveHead Git working directory: /tmp/npm-20160-306ba9f0/git-cache-18672942/9b489753ed942930aa897adc2fd36c9f8a403a00
26 info git [ 'clone',
26 info git   '/root/.npm/_git-remotes/git-https-github-com-zenorocha-voice-elements-git-f9dbe9e5',
26 info git   '/tmp/npm-20160-306ba9f0/git-cache-18672942/9b489753ed942930aa897adc2fd36c9f8a403a00' ]
27 verbose cloneResolved git+https://github.com/zenorocha/voice-elements.git clone Cloning into '/tmp/npm-20160-306ba9f0/git-cache-18672942/9b489753ed942930aa897adc2fd36c9f8a403a00'...
27 verbose cloneResolved done.
28 info git [ 'checkout', '9b489753ed942930aa897adc2fd36c9f8a403a00' ]
29 verbose checkoutTreeish git+https://github.com/zenorocha/voice-elements.git checkout Note: checking out '9b489753ed942930aa897adc2fd36c9f8a403a00'.
29 verbose checkoutTreeish
29 verbose checkoutTreeish You are in 'detached HEAD' state. You can look around, make experimental
29 verbose checkoutTreeish changes and commit them, and you can discard any commits you make in this
29 verbose checkoutTreeish state without impacting any branches by performing another checkout.
29 verbose checkoutTreeish
29 verbose checkoutTreeish If you want to create a new branch to retain commits you create, you may
29 verbose checkoutTreeish do so (now or later) by using -b with the checkout command again. Example:
29 verbose checkoutTreeish
29 verbose checkoutTreeish   git checkout -b new_branch_name
29 verbose checkoutTreeish
29 verbose checkoutTreeish HEAD is now at 9b48975... Merge pull request #30 from Nixxxon/lang-to-voice-recognition
30 info git [ 'submodule', '-q', 'update', '--init', '--recursive' ]
31 verbose updateSubmodules git+https://github.com/zenorocha/voice-elements.git submodule update
32 error addLocal Could not install /tmp/npm-20160-306ba9f0/git-cache-18672942/9b489753ed942930aa897adc2fd36c9f8a403a00
33 silly fetchPackageMetaData Error: No name provided in package.json
33 silly fetchPackageMetaData     at /root/.meteor/packages/meteor-tool/.1.4.1_1.1xr2jb5++os.linux.x86_64+web.browser+web.cordova/mt-os.linux.x86_64/dev_bundle/lib/node_modules/npm/lib/cache/add-local.js:65:17
33 silly fetchPackageMetaData     at /root/.meteor/packages/meteor-tool/.1.4.1_1.1xr2jb5++os.linux.x86_64+web.browser+web.cordova/mt-os.linux.x86_64/dev_bundle/lib/node_modules/npm/node_modules/read-package-json/read-json.js:356:5
33 silly fetchPackageMetaData     at checkBinReferences_ (/root/.meteor/packages/meteor-tool/.1.4.1_1.1xr2jb5++os.linux.x86_64+web.browser+web.cordova/mt-os.linux.x86_64/dev_bundle/lib/node_modules/npm/node_modules/read-package-json/read-json.js:320:45)
33 silly fetchPackageMetaData     at final (/root/.meteor/packages/meteor-tool/.1.4.1_1.1xr2jb5++os.linux.x86_64+web.browser+web.cordova/mt-os.linux.x86_64/dev_bundle/lib/node_modules/npm/node_modules/read-package-json/read-json.js:354:3)
33 silly fetchPackageMetaData     at then (/root/.meteor/packages/meteor-tool/.1.4.1_1.1xr2jb5++os.linux.x86_64+web.browser+web.cordova/mt-os.linux.x86_64/dev_bundle/lib/node_modules/npm/node_modules/read-package-json/read-json.js:124:5)
33 silly fetchPackageMetaData     at /root/.meteor/packages/meteor-tool/.1.4.1_1.1xr2jb5++os.linux.x86_64+web.browser+web.cordova/mt-os.linux.x86_64/dev_bundle/lib/node_modules/npm/node_modules/read-package-json/read-json.js:243:12
33 silly fetchPackageMetaData     at /root/.meteor/packages/meteor-tool/.1.4.1_1.1xr2jb5++os.linux.x86_64+web.browser+web.cordova/mt-os.linux.x86_64/dev_bundle/lib/node_modules/npm/node_modules/graceful-fs/graceful-fs.js:78:16
33 silly fetchPackageMetaData     at FSReqWrap.readFileAfterClose [as oncomplete] (fs.js:380:3)
33 silly fetchPackageMetaData  error for https://github.com/zenorocha/voice-elements.git [Error: No name provided in package.json]
34 silly rollbackFailedOptional Starting
35 silly rollbackFailedOptional Finishing
36 silly runTopLevelLifecycles Starting
37 silly runTopLevelLifecycles Finishing
38 silly install printInstalled
39 verbose stack Error: No name provided in package.json
39 verbose stack     at /root/.meteor/packages/meteor-tool/.1.4.1_1.1xr2jb5++os.linux.x86_64+web.browser+web.cordova/mt-os.linux.x86_64/dev_bundle/lib/node_modules/npm/lib/cache/add-local.js:65:17
39 verbose stack     at /root/.meteor/packages/meteor-tool/.1.4.1_1.1xr2jb5++os.linux.x86_64+web.browser+web.cordova/mt-os.linux.x86_64/dev_bundle/lib/node_modules/npm/node_modules/read-package-json/read-json.js:356:5
39 verbose stack     at checkBinReferences_ (/root/.meteor/packages/meteor-tool/.1.4.1_1.1xr2jb5++os.linux.x86_64+web.browser+web.cordova/mt-os.linux.x86_64/dev_bundle/lib/node_modules/npm/node_modules/read-package-json/read-json.js:320:45)
39 verbose stack     at final (/root/.meteor/packages/meteor-tool/.1.4.1_1.1xr2jb5++os.linux.x86_64+web.browser+web.cordova/mt-os.linux.x86_64/dev_bundle/lib/node_modules/npm/node_modules/read-package-json/read-json.js:354:3)
39 verbose stack     at then (/root/.meteor/packages/meteor-tool/.1.4.1_1.1xr2jb5++os.linux.x86_64+web.browser+web.cordova/mt-os.linux.x86_64/dev_bundle/lib/node_modules/npm/node_modules/read-package-json/read-json.js:124:5)
39 verbose stack     at /root/.meteor/packages/meteor-tool/.1.4.1_1.1xr2jb5++os.linux.x86_64+web.browser+web.cordova/mt-os.linux.x86_64/dev_bundle/lib/node_modules/npm/node_modules/read-package-json/read-json.js:243:12
39 verbose stack     at /root/.meteor/packages/meteor-tool/.1.4.1_1.1xr2jb5++os.linux.x86_64+web.browser+web.cordova/mt-os.linux.x86_64/dev_bundle/lib/node_modules/npm/node_modules/graceful-fs/graceful-fs.js:78:16
39 verbose stack     at FSReqWrap.readFileAfterClose [as oncomplete] (fs.js:380:3)
40 verbose cwd /home/oussama/Documents/goStation-v-awsome
41 error Linux 3.16.0-4-amd64
42 error argv "/root/.meteor/packages/meteor-tool/.1.4.1_1.1xr2jb5++os.linux.x86_64+web.browser+web.cordova/mt-os.linux.x86_64/dev_bundle/bin/node" "/root/.meteor/packages/meteor-tool/.1.4.1_1.1xr2jb5++os.linux.x86_64+web.browser+web.cordova/mt-os.linux.x86_64/dev_bundle/bin/npm" "install" "--save" "https://github.com/zenorocha/voice-elements.git"
43 error node v4.5.0
44 error npm  v3.10.6
45 error No name provided in package.json
46 error If you need help, you may report this error at:
46 error     <https://github.com/npm/npm/issues>
47 verbose exit [ 1, true ]
